e:\mywork\client\pc2.0trunk\pc2.0\src\ucclient\build\ucclient\release\vc120.pdb
e:\mywork\client\pc2.0trunk\pc2.0\src\ucclient\build\ucclient\release\groupservicestrategy.obj
e:\mywork\client\pc2.0trunk\pc2.0\src\ucclient\build\ucclient\release\gkclientmessage.obj
e:\mywork\client\pc2.0trunk\pc2.0\src\ucclient\build\ucclient\release\gkclient.obj
e:\mywork\client\pc2.0trunk\pc2.0\src\ucclient\build\ucclient\release\filetransferservicestratepy.obj
e:\mywork\client\pc2.0trunk\pc2.0\src\ucclient\build\ucclient\release\externalservicestrategy.obj
e:\mywork\client\pc2.0trunk\pc2.0\src\ucclient\build\ucclient\release\sharingservicestrategy.obj
e:\mywork\client\pc2.0trunk\pc2.0\src\ucclient\build\ucclient\release\contactservicestrategy.obj
e:\mywork\client\pc2.0trunk\pc2.0\src\ucclient\build\ucclient\release\configuration.obj
e:\mywork\client\pc2.0trunk\pc2.0\src\ucclient\build\ucclient\release\clientservicestrategy.obj
e:\mywork\client\pc2.0trunk\pc2.0\src\ucclient\build\ucclient\release\clientscheme.obj
e:\mywork\client\pc2.0trunk\pc2.0\src\ucclient\build\ucclient\release\catchscreenservicestrategy.obj
e:\mywork\client\pc2.0trunk\pc2.0\src\ucclient\build\ucclient\release\calendarservicestrategy.obj
e:\mywork\client\pc2.0trunk\pc2.0\src\ucclient\build\ucclient\release\bbsservicestragegy.obj
e:\mywork\client\pc2.0trunk\pc2.0\src\ucclient\build\ucclient\release\audioservicestrategy.obj
e:\mywork\client\pc2.0trunk\pc2.0\src\ucclient\build\ucclient\release\pbxservicejseventassist.obj
e:\mywork\client\pc2.0trunk\pc2.0\src\ucclient\build\ucclient\release\jseventassist.obj
e:\mywork\client\pc2.0trunk\pc2.0\src\ucclient\build\ucclient\release\filetransferservicejseventassist.obj
e:\mywork\client\pc2.0trunk\pc2.0\src\ucclient\build\ucclient\release\audioservicestrategyassist.obj
e:\mywork\client\pc2.0trunk\pc2.0\src\ucclient\build\ucclient\release\audioservicejseventassist.obj
e:\mywork\client\pc2.0trunk\pc2.0\src\ucclient\build\ucclient\release\pugixml.obj
e:\mywork\client\pc2.0trunk\pc2.0\src\ucclient\build\ucclient\release\networkmonitor.obj
e:\mywork\client\pc2.0trunk\pc2.0\src\ucclient\build\ucclient\release\networkadapterutil.obj
e:\mywork\client\pc2.0trunk\pc2.0\src\ucclient\build\ucclient\release\logger.obj
e:\mywork\client\pc2.0trunk\pc2.0\src\ucclient\build\ucclient\release\httpproxy.obj
e:\mywork\client\pc2.0trunk\pc2.0\src\ucclient\build\ucclient\release\fileutil.obj
e:\mywork\client\pc2.0trunk\pc2.0\src\ucclient\build\ucclient\release\environment.obj
e:\mywork\client\pc2.0trunk\pc2.0\src\ucclient\build\ucclient\release\crashhandler.obj
e:\mywork\client\pc2.0trunk\pc2.0\src\ucclient\build\ucclient\release\clipboard.obj
e:\mywork\client\pc2.0trunk\pc2.0\src\ucclient\build\ucclient\release\updateservicestrategy.obj
e:\mywork\client\pc2.0trunk\pc2.0\src\ucclient\build\ucclient\release\ucmanager.obj
e:\mywork\client\pc2.0trunk\pc2.0\src\ucclient\build\ucclient\release\ucextension.obj
e:\mywork\client\pc2.0trunk\pc2.0\src\ucclient\build\ucclient\release\systemservice.obj
e:\mywork\client\pc2.0trunk\pc2.0\src\ucclient\build\ucclient\release\sharingwnd.obj
e:\mywork\client\pc2.0trunk\pc2.0\src\ucclient\build\ucclient\release\serviceobjectconversion.obj
e:\mywork\client\pc2.0trunk\pc2.0\src\ucclient\build\ucclient\release\searchservicestrategy.obj
e:\mywork\client\pc2.0trunk\pc2.0\src\ucclient\build\ucclient\release\pbxservicestratepy.obj
e:\mywork\client\pc2.0trunk\pc2.0\src\ucclient\build\ucclient\release\openapiservicestrategy.obj
e:\mywork\client\pc2.0trunk\pc2.0\src\ucclient\build\ucclient\release\microblogservicestrategy.obj
e:\mywork\client\pc2.0trunk\pc2.0\src\ucclient\build\ucclient\release\imservicestrategy.obj
e:\mywork\client\pc2.0trunk\pc2.0\src\ucclient\build\ucclient\release\utils.obj
e:\mywork\client\pc2.0trunk\pc2.0\src\ucclient\build\ucclient\release\thumbnails.obj
e:\mywork\client\pc2.0trunk\pc2.0\src\ucclient\build\ucclient\release\powermonitor.obj
e:\mywork\client\pc2.0trunk\pc2.0\src\ucclient\build\ucclient\release\ucclient.obj
e:\mywork\client\pc2.0trunk\pc2.0\build\release\bee.exe
e:\mywork\client\pc2.0trunk\pc2.0\src\ucclient\build\ucclient\release\waveplayer.cod
e:\mywork\client\pc2.0trunk\pc2.0\src\ucclient\build\ucclient\release\amrfiledecoder.cod
e:\mywork\client\pc2.0trunk\pc2.0\src\ucclient\build\ucclient\release\d_homing.cod
e:\mywork\client\pc2.0trunk\pc2.0\src\ucclient\build\ucclient\release\sp_dec.cod
e:\mywork\client\pc2.0trunk\pc2.0\src\ucclient\build\ucclient\release\bits2prm.cod
e:\mywork\client\pc2.0trunk\pc2.0\src\ucclient\build\ucclient\release\count.cod
e:\mywork\client\pc2.0trunk\pc2.0\src\ucclient\build\ucclient\release\post_pro.cod
e:\mywork\client\pc2.0trunk\pc2.0\src\ucclient\build\ucclient\release\pstfilt.cod
e:\mywork\client\pc2.0trunk\pc2.0\src\ucclient\build\ucclient\release\dec_amr.cod
e:\mywork\client\pc2.0trunk\pc2.0\src\ucclient\build\ucclient\release\basicop2.cod
e:\mywork\client\pc2.0trunk\pc2.0\src\ucclient\build\ucclient\release\oper_32b.cod
e:\mywork\client\pc2.0trunk\pc2.0\src\ucclient\build\ucclient\release\set_zero.cod
e:\mywork\client\pc2.0trunk\pc2.0\src\ucclient\build\ucclient\release\agc.cod
e:\mywork\client\pc2.0trunk\pc2.0\src\ucclient\build\ucclient\release\copy.cod
e:\mywork\client\pc2.0trunk\pc2.0\src\ucclient\build\ucclient\release\preemph.cod
e:\mywork\client\pc2.0trunk\pc2.0\src\ucclient\build\ucclient\release\residu.cod
e:\mywork\client\pc2.0trunk\pc2.0\src\ucclient\build\ucclient\release\syn_filt.cod
e:\mywork\client\pc2.0trunk\pc2.0\src\ucclient\build\ucclient\release\weight_a.cod
e:\mywork\client\pc2.0trunk\pc2.0\src\ucclient\build\ucclient\release\pred_lt.cod
e:\mywork\client\pc2.0trunk\pc2.0\src\ucclient\build\ucclient\release\ex_ctrl.cod
e:\mywork\client\pc2.0trunk\pc2.0\src\ucclient\build\ucclient\release\d_plsf_3.cod
e:\mywork\client\pc2.0trunk\pc2.0\src\ucclient\build\ucclient\release\ph_disp.cod
e:\mywork\client\pc2.0trunk\pc2.0\src\ucclient\build\ucclient\release\dtx_dec.cod
e:\mywork\client\pc2.0trunk\pc2.0\src\ucclient\build\ucclient\release\sqrt_l.cod
e:\mywork\client\pc2.0trunk\pc2.0\src\ucclient\build\ucclient\release\d_plsf_5.cod
e:\mywork\client\pc2.0trunk\pc2.0\src\ucclient\build\ucclient\release\lsp_lsf.cod
e:\mywork\client\pc2.0trunk\pc2.0\src\ucclient\build\ucclient\release\int_lsf.cod
e:\mywork\client\pc2.0trunk\pc2.0\src\ucclient\build\ucclient\release\lsp_avg.cod
e:\mywork\client\pc2.0trunk\pc2.0\src\ucclient\build\ucclient\release\d3_14pf.cod
e:\mywork\client\pc2.0trunk\pc2.0\src\ucclient\build\ucclient\release\gc_pred.cod
e:\mywork\client\pc2.0trunk\pc2.0\src\ucclient\build\ucclient\release\c_g_aver.cod
e:\mywork\client\pc2.0trunk\pc2.0\src\ucclient\build\ucclient\release\bgnscd.cod
e:\mywork\client\pc2.0trunk\pc2.0\src\ucclient\build\ucclient\release\ec_gains.cod
e:\mywork\client\pc2.0trunk\pc2.0\src\ucclient\build\ucclient\release\d_gain_c.cod
e:\mywork\client\pc2.0trunk\pc2.0\src\ucclient\build\ucclient\release\d_plsf.cod
e:\mywork\client\pc2.0trunk\pc2.0\src\ucclient\build\ucclient\release\dec_gain.cod
e:\mywork\client\pc2.0trunk\pc2.0\src\ucclient\build\ucclient\release\int_lpc.cod
e:\mywork\client\pc2.0trunk\pc2.0\src\ucclient\build\ucclient\release\d2_9pf.cod
e:\mywork\client\pc2.0trunk\pc2.0\src\ucclient\build\ucclient\release\d4_17pf.cod
e:\mywork\client\pc2.0trunk\pc2.0\src\ucclient\build\ucclient\release\d2_11pf.cod
e:\mywork\client\pc2.0trunk\pc2.0\src\ucclient\build\ucclient\release\d1035pf.cod
e:\mywork\client\pc2.0trunk\pc2.0\src\ucclient\build\ucclient\release\d8_31pf.cod
e:\mywork\client\pc2.0trunk\pc2.0\src\ucclient\build\ucclient\release\dec_lag6.cod
e:\mywork\client\pc2.0trunk\pc2.0\src\ucclient\build\ucclient\release\dec_lag3.cod
e:\mywork\client\pc2.0trunk\pc2.0\src\ucclient\build\ucclient\release\b_cn_cod.cod
e:\mywork\client\pc2.0trunk\pc2.0\src\ucclient\build\ucclient\release\d_gain_p.cod
e:\mywork\client\pc2.0trunk\pc2.0\src\ucclient\build\ucclient\release\inv_sqrt.cod
e:\mywork\client\pc2.0trunk\pc2.0\src\ucclient\build\ucclient\release\gmed_n.cod
e:\mywork\client\pc2.0trunk\pc2.0\src\ucclient\build\ucclient\release\reorder.cod
e:\mywork\client\pc2.0trunk\pc2.0\src\ucclient\build\ucclient\release\a_refl.cod
e:\mywork\client\pc2.0trunk\pc2.0\src\ucclient\build\ucclient\release\pow2.cod
e:\mywork\client\pc2.0trunk\pc2.0\src\ucclient\build\ucclient\release\lsp_az.cod
e:\mywork\client\pc2.0trunk\pc2.0\src\ucclient\build\ucclient\release\log2.cod
e:\mywork\client\pc2.0trunk\pc2.0\build\release\bee.pdb
e:\mywork\client\pc2.0trunk\pc2.0\src\ucclient\build\ucclient\release\ucclient.res
e:\mywork\client\pc2.0trunk\pc2.0\build\release\bee.lib
e:\mywork\client\pc2.0trunk\pc2.0\build\release\bee.exp
e:\mywork\client\pc2.0trunk\pc2.0\src\ucclient\build\ucclient\release\ucclient.tlog\cl.command.1.tlog
e:\mywork\client\pc2.0trunk\pc2.0\src\ucclient\build\ucclient\release\ucclient.tlog\cl.read.1.tlog
e:\mywork\client\pc2.0trunk\pc2.0\src\ucclient\build\ucclient\release\ucclient.tlog\cl.write.1.tlog
e:\mywork\client\pc2.0trunk\pc2.0\src\ucclient\build\ucclient\release\ucclient.tlog\link.command.1.tlog
e:\mywork\client\pc2.0trunk\pc2.0\src\ucclient\build\ucclient\release\ucclient.tlog\link.read.1.tlog
e:\mywork\client\pc2.0trunk\pc2.0\src\ucclient\build\ucclient\release\ucclient.tlog\link.write.1.tlog
e:\mywork\client\pc2.0trunk\pc2.0\src\ucclient\build\ucclient\release\ucclient.tlog\rc.command.1.tlog
e:\mywork\client\pc2.0trunk\pc2.0\src\ucclient\build\ucclient\release\ucclient.tlog\rc.read.1.tlog
e:\mywork\client\pc2.0trunk\pc2.0\src\ucclient\build\ucclient\release\ucclient.tlog\rc.write.1.tlog
e:\mywork\client\pc2.0trunk\pc2.0\src\ucclient\build\ucclient\release\ucclient.tlog\ucclient.write.1u.tlog
