e:\mywork\client\pc2.0trunk\pc2.0\src\ucclientsubprocess\build\ucclientsubprocess\debug\vc120.pdb
e:\mywork\client\pc2.0trunk\pc2.0\src\ucclientsubprocess\build\ucclientsubprocess\debug\vc120.idb
e:\mywork\client\pc2.0trunk\pc2.0\src\ucclientsubprocess\build\ucclientsubprocess\debug\crashhandler.obj
e:\mywork\client\pc2.0trunk\pc2.0\src\ucclientsubprocess\build\ucclientsubprocess\debug\ucclientrenderdelegate.obj
e:\mywork\client\pc2.0trunk\pc2.0\src\ucclientsubprocess\build\ucclientsubprocess\debug\ucclientsubprocess.obj
e:\mywork\client\pc2.0trunk\pc2.0\build\debug\bee.worker.ilk
e:\mywork\client\pc2.0trunk\pc2.0\build\debug\bee.worker.exe
e:\mywork\client\pc2.0trunk\pc2.0\build\debug\bee.worker.pdb
e:\mywork\client\pc2.0trunk\pc2.0\src\ucclientsubprocess\build\ucclientsubprocess\debug\ucclientsubprocess.res
e:\mywork\client\pc2.0trunk\pc2.0\build\debug\bee.worker.lib
e:\mywork\client\pc2.0trunk\pc2.0\build\debug\bee.worker.exp
e:\mywork\client\pc2.0trunk\pc2.0\src\ucclientsubprocess\build\ucclientsubprocess\debug\ucclient.fcb5d0fd.tlog\cl.command.1.tlog
e:\mywork\client\pc2.0trunk\pc2.0\src\ucclientsubprocess\build\ucclientsubprocess\debug\ucclient.fcb5d0fd.tlog\cl.read.1.tlog
e:\mywork\client\pc2.0trunk\pc2.0\src\ucclientsubprocess\build\ucclientsubprocess\debug\ucclient.fcb5d0fd.tlog\cl.write.1.tlog
e:\mywork\client\pc2.0trunk\pc2.0\src\ucclientsubprocess\build\ucclientsubprocess\debug\ucclient.fcb5d0fd.tlog\link.command.1.tlog
e:\mywork\client\pc2.0trunk\pc2.0\src\ucclientsubprocess\build\ucclientsubprocess\debug\ucclient.fcb5d0fd.tlog\link.read.1.tlog
e:\mywork\client\pc2.0trunk\pc2.0\src\ucclientsubprocess\build\ucclientsubprocess\debug\ucclient.fcb5d0fd.tlog\link.write.1.tlog
e:\mywork\client\pc2.0trunk\pc2.0\src\ucclientsubprocess\build\ucclientsubprocess\debug\ucclient.fcb5d0fd.tlog\rc.command.1.tlog
e:\mywork\client\pc2.0trunk\pc2.0\src\ucclientsubprocess\build\ucclientsubprocess\debug\ucclient.fcb5d0fd.tlog\rc.read.1.tlog
e:\mywork\client\pc2.0trunk\pc2.0\src\ucclientsubprocess\build\ucclientsubprocess\debug\ucclient.fcb5d0fd.tlog\rc.write.1.tlog
e:\mywork\client\pc2.0trunk\pc2.0\src\ucclientsubprocess\build\ucclientsubprocess\debug\ucclient.fcb5d0fd.tlog\ucclientsubprocess.write.1u.tlog
