e:\mywork\client\pc2.0trunk\pc2.0\build\debug\cefintegration.lib
e:\mywork\client\pc2.0trunk\pc2.0\build\debug\cefintegration.exp
e:\mywork\client\pc2.0trunk\pc2.0\src\cefintegration\build\cefintegration\debug\vc120.pdb
e:\mywork\client\pc2.0trunk\pc2.0\src\cefintegration\build\cefintegration\debug\vc120.idb
e:\mywork\client\pc2.0trunk\pc2.0\src\cefintegration\build\cefintegration\debug\cefwindow.obj
e:\mywork\client\pc2.0trunk\pc2.0\src\cefintegration\build\cefintegration\debug\clienthandler.obj
e:\mywork\client\pc2.0trunk\pc2.0\src\cefintegration\build\cefintegration\debug\bytes_write_handler.obj
e:\mywork\client\pc2.0trunk\pc2.0\src\cefintegration\build\cefintegration\debug\geometry_util.obj
e:\mywork\client\pc2.0trunk\pc2.0\src\cefintegration\build\cefintegration\debug\osr_dragdrop_win.obj
e:\mywork\client\pc2.0trunk\pc2.0\src\cefintegration\build\cefintegration\debug\osrutil.obj
e:\mywork\client\pc2.0trunk\pc2.0\src\cefintegration\build\cefintegration\debug\proxy.obj
e:\mywork\client\pc2.0trunk\pc2.0\src\cefintegration\build\cefintegration\debug\proxyauthwnd.obj
e:\mywork\client\pc2.0trunk\pc2.0\src\cefintegration\build\cefintegration\debug\tray.obj
e:\mywork\client\pc2.0trunk\pc2.0\src\cefintegration\build\cefintegration\debug\windowextension.obj
e:\mywork\client\pc2.0trunk\pc2.0\src\cefintegration\build\cefintegration\debug\windowmanager.obj
e:\mywork\client\pc2.0trunk\pc2.0\src\cefintegration\build\cefintegration\debug\windowresizablehandler.obj
e:\mywork\client\pc2.0trunk\pc2.0\src\cefintegration\build\cefintegration\debug\cefclient.obj
e:\mywork\client\pc2.0trunk\pc2.0\src\cefintegration\build\cefintegration\debug\cefjsconversion.obj
e:\mywork\client\pc2.0trunk\pc2.0\src\cefintegration\build\cefintegration\debug\clientapp.obj
e:\mywork\client\pc2.0trunk\pc2.0\src\cefintegration\build\cefintegration\debug\clientextensionhandler.obj
e:\mywork\client\pc2.0trunk\pc2.0\src\cefintegration\build\cefintegration\debug\dialog.obj
e:\mywork\client\pc2.0trunk\pc2.0\src\cefintegration\build\cefintegration\debug\fileutil.obj
e:\mywork\client\pc2.0trunk\pc2.0\src\cefintegration\build\cefintegration\debug\font.obj
e:\mywork\client\pc2.0trunk\pc2.0\src\cefintegration\build\cefintegration\debug\imageutil.obj
e:\mywork\client\pc2.0trunk\pc2.0\src\cefintegration\build\cefintegration\debug\pugixml.obj
e:\mywork\client\pc2.0trunk\pc2.0\src\cefintegration\build\cefintegration\debug\cefosrwindow.obj
e:\mywork\client\pc2.0trunk\pc2.0\build\debug\cefintegration.dll
e:\mywork\client\pc2.0trunk\pc2.0\build\debug\cefintegration.pdb
e:\mywork\client\pc2.0trunk\pc2.0\src\cefintegration\build\cefintegration\debug\cefintegration.res
e:\mywork\client\pc2.0trunk\pc2.0\src\cefintegration\build\cefintegration\debug\cefintegration.tlog\cefintegration.write.1u.tlog
e:\mywork\client\pc2.0trunk\pc2.0\src\cefintegration\build\cefintegration\debug\cefintegration.tlog\cl.command.1.tlog
e:\mywork\client\pc2.0trunk\pc2.0\src\cefintegration\build\cefintegration\debug\cefintegration.tlog\cl.read.1.tlog
e:\mywork\client\pc2.0trunk\pc2.0\src\cefintegration\build\cefintegration\debug\cefintegration.tlog\cl.write.1.tlog
e:\mywork\client\pc2.0trunk\pc2.0\src\cefintegration\build\cefintegration\debug\cefintegration.tlog\link.command.1.tlog
e:\mywork\client\pc2.0trunk\pc2.0\src\cefintegration\build\cefintegration\debug\cefintegration.tlog\link.read.1.tlog
e:\mywork\client\pc2.0trunk\pc2.0\src\cefintegration\build\cefintegration\debug\cefintegration.tlog\link.write.1.tlog
e:\mywork\client\pc2.0trunk\pc2.0\src\cefintegration\build\cefintegration\debug\cefintegration.tlog\rc.command.1.tlog
e:\mywork\client\pc2.0trunk\pc2.0\src\cefintegration\build\cefintegration\debug\cefintegration.tlog\rc.read.1.tlog
e:\mywork\client\pc2.0trunk\pc2.0\src\cefintegration\build\cefintegration\debug\cefintegration.tlog\rc.write.1.tlog
