e:\mywork\client\pc2.0trunk\pc2.0\src\ucplugin\build\windows\ucplugin\ucplugin\debug\vc120.pdb
e:\mywork\client\pc2.0trunk\pc2.0\src\ucplugin\build\windows\ucplugin\ucplugin\debug\vc120.idb
e:\mywork\client\pc2.0trunk\pc2.0\src\ucplugin\build\windows\ucplugin\ucplugin\debug\pluginpipe.obj
e:\mywork\client\pc2.0trunk\pc2.0\src\ucplugin\build\windows\ucplugin\ucplugin\debug\stringconvert.obj
e:\mywork\client\pc2.0trunk\pc2.0\src\ucplugin\build\windows\ucplugin\ucplugin\debug\plugininstance.obj
e:\mywork\client\pc2.0trunk\pc2.0\src\ucplugin\build\windows\ucplugin\ucplugin\debug\ucplugin.obj
e:\mywork\client\pc2.0trunk\pc2.0\src\ucplugin\build\windows\ucplugin\ucplugin\debug\windowmanger.obj
e:\mywork\client\pc2.0trunk\pc2.0\src\ucplugin\build\windows\ucplugin\bin\debug\ucplugin.ilk
e:\mywork\client\pc2.0trunk\pc2.0\src\ucplugin\build\windows\ucplugin\bin\debug\ucplugin.dll
e:\mywork\client\pc2.0trunk\pc2.0\src\ucplugin\build\windows\ucplugin\bin\debug\ucplugin.pdb
e:\mywork\client\pc2.0trunk\pc2.0\src\ucplugin\build\windows\ucplugin\bin\debug\ucplugin.lib
e:\mywork\client\pc2.0trunk\pc2.0\src\ucplugin\build\windows\ucplugin\bin\debug\ucplugin.exp
e:\mywork\client\pc2.0trunk\pc2.0\src\ucplugin\build\windows\ucplugin\ucplugin\..\bin\debug\ucplugin.dll
e:\mywork\client\pc2.0trunk\pc2.0\src\ucplugin\build\windows\ucplugin\ucplugin\debug\ucplugin.tlog\cl.command.1.tlog
e:\mywork\client\pc2.0trunk\pc2.0\src\ucplugin\build\windows\ucplugin\ucplugin\debug\ucplugin.tlog\cl.read.1.tlog
e:\mywork\client\pc2.0trunk\pc2.0\src\ucplugin\build\windows\ucplugin\ucplugin\debug\ucplugin.tlog\cl.write.1.tlog
e:\mywork\client\pc2.0trunk\pc2.0\src\ucplugin\build\windows\ucplugin\ucplugin\debug\ucplugin.tlog\link.command.1.tlog
e:\mywork\client\pc2.0trunk\pc2.0\src\ucplugin\build\windows\ucplugin\ucplugin\debug\ucplugin.tlog\link.read.1.tlog
e:\mywork\client\pc2.0trunk\pc2.0\src\ucplugin\build\windows\ucplugin\ucplugin\debug\ucplugin.tlog\link.write.1.tlog
e:\mywork\client\pc2.0trunk\pc2.0\src\ucplugin\build\windows\ucplugin\ucplugin\debug\ucplugin.tlog\ucplugin.write.1u.tlog
