Build started 2016/6/15 15:13:25.
     1>Project "E:\mywork\client\PC2.0TRUNK\PC2.0\src\UCPlugin\build\windows\UCPlugin\UCPlugin\UCPlugin.vcxproj" on node 4 (Rebuild target(s)).
     1>ClCompile:
         D:\Program Files (x86)\Microsoft Visual Studio 12.0\VC\bin\CL.exe /c /I..\..\..\..\include /I..\..\..\..\..\..\third_party\pepper_46\include /ZI /nologo /W3 /WX- /Od /Oy- /D WIN32 /D _DEBUG /D _WINDOWS /D _USRDLL /D UCPLUGIN_EXPORTS /D _WINDLL /D _UNICODE /D UNICODE /Gm /EHsc /RTC1 /MDd /GS /fp:precise /Zc:wchar_t /Zc:forScope /Fo"Debug\\" /Fd"Debug\vc120.pdb" /Gd /TP /analyze- /errorReport:prompt ..\..\..\..\src\PluginPipe.cpp ..\..\..\..\src\StringConvert.cpp ..\..\..\..\src\PluginInstance.cpp ..\..\..\..\src\UCPlugin.cpp ..\..\..\..\src\WindowManger.cpp
         WindowManger.cpp
         UCPlugin.cpp
         PluginInstance.cpp
         StringConvert.cpp
         PluginPipe.cpp
         Generating Code...
       Link:
         D:\Program Files (x86)\Microsoft Visual Studio 12.0\VC\bin\link.exe /ERRORREPORT:PROMPT /OUT:"..\bin\Debug\UCPlugin.dll" /INCREMENTAL /NOLOGO /LIBPATH:"D:\Program Files (x86)\Visual Leak Detector\lib\Win32" kernel32.lib user32.lib gdi32.lib winspool.lib comdlg32.lib advapi32.lib shell32.lib ole32.lib oleaut32.lib uuid.lib odbc32.lib odbccp32.lib /MANIFEST /MANIFESTUAC:"level='asInvoker' uiAccess='false'" /manifest:embed /DEBUG /PDB:"..\bin\Debug\UCPlugin.pdb" /SUBSYSTEM:WINDOWS /TLBID:1 /DYNAMICBASE /NXCOMPAT /IMPLIB:"..\bin\Debug\UCPlugin.lib" /MACHINE:X86 /DLL Debug\PluginPipe.obj
         Debug\StringConvert.obj
         Debug\PluginInstance.obj
         Debug\UCPlugin.obj
         Debug\WindowManger.obj
            Creating library ..\bin\Debug\UCPlugin.lib and object ..\bin\Debug\UCPlugin.exp
         UCPlugin.vcxproj -> E:\mywork\client\PC2.0TRUNK\PC2.0\src\UCPlugin\build\windows\UCPlugin\UCPlugin\..\bin\Debug\UCPlugin.dll
     1>Done Building Project "E:\mywork\client\PC2.0TRUNK\PC2.0\src\UCPlugin\build\windows\UCPlugin\UCPlugin\UCPlugin.vcxproj" (Rebuild target(s)).

Build succeeded.

Time Elapsed 00:00:03.99
