e:\mywork\client\pc2.0trunk\pc2.0\src\ucclient\build\ucclient\debug\vc120.pdb
e:\mywork\client\pc2.0trunk\pc2.0\src\ucclient\build\ucclient\debug\vc120.idb
e:\mywork\client\pc2.0trunk\pc2.0\src\ucclient\build\ucclient\debug\pbxservicestratepy.obj
e:\mywork\client\pc2.0trunk\pc2.0\src\ucclient\build\ucclient\debug\searchservicestrategy.obj
e:\mywork\client\pc2.0trunk\pc2.0\src\ucclient\build\ucclient\debug\serviceobjectconversion.obj
e:\mywork\client\pc2.0trunk\pc2.0\src\ucclient\build\ucclient\debug\sharingwnd.obj
e:\mywork\client\pc2.0trunk\pc2.0\src\ucclient\build\ucclient\debug\systemservice.obj
e:\mywork\client\pc2.0trunk\pc2.0\src\ucclient\build\ucclient\debug\ucclient.obj
e:\mywork\client\pc2.0trunk\pc2.0\src\ucclient\build\ucclient\debug\ucextension.obj
e:\mywork\client\pc2.0trunk\pc2.0\src\ucclient\build\ucclient\debug\ucmanager.obj
e:\mywork\client\pc2.0trunk\pc2.0\src\ucclient\build\ucclient\debug\updateservicestrategy.obj
e:\mywork\client\pc2.0trunk\pc2.0\src\ucclient\build\ucclient\debug\clipboard.obj
e:\mywork\client\pc2.0trunk\pc2.0\src\ucclient\build\ucclient\debug\crashhandler.obj
e:\mywork\client\pc2.0trunk\pc2.0\src\ucclient\build\ucclient\debug\environment.obj
e:\mywork\client\pc2.0trunk\pc2.0\src\ucclient\build\ucclient\debug\fileutil.obj
e:\mywork\client\pc2.0trunk\pc2.0\src\ucclient\build\ucclient\debug\httpproxy.obj
e:\mywork\client\pc2.0trunk\pc2.0\src\ucclient\build\ucclient\debug\logger.obj
e:\mywork\client\pc2.0trunk\pc2.0\src\ucclient\build\ucclient\debug\networkadapterutil.obj
e:\mywork\client\pc2.0trunk\pc2.0\src\ucclient\build\ucclient\debug\networkmonitor.obj
e:\mywork\client\pc2.0trunk\pc2.0\src\ucclient\build\ucclient\debug\powermonitor.obj
e:\mywork\client\pc2.0trunk\pc2.0\src\ucclient\build\ucclient\debug\thumbnails.obj
e:\mywork\client\pc2.0trunk\pc2.0\src\ucclient\build\ucclient\debug\utils.obj
e:\mywork\client\pc2.0trunk\pc2.0\src\ucclient\build\ucclient\debug\filetransferservicejseventassist.obj
e:\mywork\client\pc2.0trunk\pc2.0\src\ucclient\build\ucclient\debug\jseventassist.obj
e:\mywork\client\pc2.0trunk\pc2.0\src\ucclient\build\ucclient\debug\pbxservicejseventassist.obj
e:\mywork\client\pc2.0trunk\pc2.0\src\ucclient\build\ucclient\debug\audioservicestrategy.obj
e:\mywork\client\pc2.0trunk\pc2.0\src\ucclient\build\ucclient\debug\bbsservicestragegy.obj
e:\mywork\client\pc2.0trunk\pc2.0\src\ucclient\build\ucclient\debug\calendarservicestrategy.obj
e:\mywork\client\pc2.0trunk\pc2.0\src\ucclient\build\ucclient\debug\catchscreenservicestrategy.obj
e:\mywork\client\pc2.0trunk\pc2.0\src\ucclient\build\ucclient\debug\clientscheme.obj
e:\mywork\client\pc2.0trunk\pc2.0\src\ucclient\build\ucclient\debug\clientservicestrategy.obj
e:\mywork\client\pc2.0trunk\pc2.0\src\ucclient\build\ucclient\debug\configuration.obj
e:\mywork\client\pc2.0trunk\pc2.0\src\ucclient\build\ucclient\debug\contactservicestrategy.obj
e:\mywork\client\pc2.0trunk\pc2.0\src\ucclient\build\ucclient\debug\sharingservicestrategy.obj
e:\mywork\client\pc2.0trunk\pc2.0\src\ucclient\build\ucclient\debug\externalservicestrategy.obj
e:\mywork\client\pc2.0trunk\pc2.0\src\ucclient\build\ucclient\debug\filetransferservicestratepy.obj
e:\mywork\client\pc2.0trunk\pc2.0\src\ucclient\build\ucclient\debug\gkclient.obj
e:\mywork\client\pc2.0trunk\pc2.0\src\ucclient\build\ucclient\debug\gkclientmessage.obj
e:\mywork\client\pc2.0trunk\pc2.0\src\ucclient\build\ucclient\debug\groupservicestrategy.obj
e:\mywork\client\pc2.0trunk\pc2.0\src\ucclient\build\ucclient\debug\imservicestrategy.obj
e:\mywork\client\pc2.0trunk\pc2.0\src\ucclient\build\ucclient\debug\microblogservicestrategy.obj
e:\mywork\client\pc2.0trunk\pc2.0\src\ucclient\build\ucclient\debug\openapiservicestrategy.obj
e:\mywork\client\pc2.0trunk\pc2.0\src\ucclient\build\ucclient\debug\pugixml.obj
e:\mywork\client\pc2.0trunk\pc2.0\src\ucclient\build\ucclient\debug\audioservicejseventassist.obj
e:\mywork\client\pc2.0trunk\pc2.0\src\ucclient\build\ucclient\debug\audioservicestrategyassist.obj
e:\mywork\client\pc2.0trunk\pc2.0\build\debug\bee.exe
e:\mywork\client\pc2.0trunk\pc2.0\build\debug\bee.pdb
e:\mywork\client\pc2.0trunk\pc2.0\src\ucclient\build\ucclient\debug\ucclient.res
e:\mywork\client\pc2.0trunk\pc2.0\build\debug\bee.lib
e:\mywork\client\pc2.0trunk\pc2.0\build\debug\bee.exp
e:\mywork\client\pc2.0trunk\pc2.0\src\ucclient\build\ucclient\debug\ucclient.tlog\cl.command.1.tlog
e:\mywork\client\pc2.0trunk\pc2.0\src\ucclient\build\ucclient\debug\ucclient.tlog\cl.read.1.tlog
e:\mywork\client\pc2.0trunk\pc2.0\src\ucclient\build\ucclient\debug\ucclient.tlog\cl.write.1.tlog
e:\mywork\client\pc2.0trunk\pc2.0\src\ucclient\build\ucclient\debug\ucclient.tlog\link.command.1.tlog
e:\mywork\client\pc2.0trunk\pc2.0\src\ucclient\build\ucclient\debug\ucclient.tlog\link.read.1.tlog
e:\mywork\client\pc2.0trunk\pc2.0\src\ucclient\build\ucclient\debug\ucclient.tlog\link.write.1.tlog
e:\mywork\client\pc2.0trunk\pc2.0\src\ucclient\build\ucclient\debug\ucclient.tlog\rc.command.1.tlog
e:\mywork\client\pc2.0trunk\pc2.0\src\ucclient\build\ucclient\debug\ucclient.tlog\rc.read.1.tlog
e:\mywork\client\pc2.0trunk\pc2.0\src\ucclient\build\ucclient\debug\ucclient.tlog\rc.write.1.tlog
e:\mywork\client\pc2.0trunk\pc2.0\src\ucclient\build\ucclient\debug\ucclient.tlog\ucclient.write.1u.tlog
