Build started 2016/6/8 14:06:50.
     1>Project "E:\mywork\client\PC2.0TRUNK\PC2.0\src\UCClientSubProcess\build\UCClientSubProcess\UCClientSubProcess.vcxproj" on node 5 (Rebuild target(s)).
     1>ClCompile:
         D:\Program Files (x86)\Microsoft Visual Studio 12.0\VC\bin\CL.exe /c /I../../../../src/CefIntegration/include /I../../../../third_party/cef /I../../../../third_party\uc_sdk/third_party/log_manager /I../../../../third_party/gkclient/include /Zi /nologo /W3 /WX- /O2 /Oi /Oy- /GL /D WIN32 /D NDEBUG /D _WINDOWS /D _USING_V110_SDK71_ /D _UNICODE /D UNICODE /Gm- /EHsc /MD /GS /Gy /fp:precise /Zc:wchar_t /Zc:forScope /Fo"Release\\" /Fd"Release\vc120.pdb" /Gd /TP /analyze- /errorReport:prompt ..\..\src\CrashHandler.cpp ..\..\src\UCClientRenderDelegate.cpp ..\..\src\UCClientSubProcess.cpp
         CrashHandler.cpp
     1>E:\mywork\client\PC2.0TRUNK\PC2.0\third_party\uc_sdk\third_party\log_manager\LogManager.h(90): warning C4251: 'uc::LogStream::_stream' : class 'std::basic_stringstream<char,std::char_traits<char>,std::allocator<char>>' needs to have dll-interface to be used by clients of class 'uc::LogStream'
     1>E:\mywork\client\PC2.0TRUNK\PC2.0\third_party\uc_sdk\third_party\log_manager\LogManager.h(106): warning C4251: 'uc::Log::_file' : class 'std::basic_string<char,std::char_traits<char>,std::allocator<char>>' needs to have dll-interface to be used by clients of class 'uc::Log'
         UCClientRenderDelegate.cpp
     1>e:\mywork\client\pc2.0trunk\pc2.0\src\ucclientsubprocess\src\resource.h : warning C4819: The file contains a character that cannot be represented in the current code page (936). Save the file in Unicode format to prevent data loss
     1>E:\mywork\client\PC2.0TRUNK\PC2.0\src\CefIntegration\include\CefClient.h : warning C4819: The file contains a character that cannot be represented in the current code page (936). Save the file in Unicode format to prevent data loss
     1>e:\mywork\client\pc2.0trunk\pc2.0\src\cefintegration\include\browser\CefWindow.h : warning C4819: The file contains a character that cannot be represented in the current code page (936). Save the file in Unicode format to prevent data loss
     1>e:\mywork\client\pc2.0trunk\pc2.0\src\cefintegration\include\browser/WindowManager.h(107): warning C4251: 'cefIntegration::WindowManager::_windowNameMap' : class 'std::map<std::wstring,CefRefPtr<cefIntegration::CefWindow>,std::less<_Kty>,std::allocator<std::pair<const _Kty,_Ty>>>' needs to have dll-interface to be used by clients of class 'cefIntegration::WindowManager'
                 with
                 [
                     _Kty=std::wstring
         ,            _Ty=CefRefPtr<cefIntegration::CefWindow>
                 ]
     1>e:\mywork\client\pc2.0trunk\pc2.0\src\cefintegration\include\browser/WindowManager.h(110): warning C4251: 'cefIntegration::WindowManager::_hwndMap' : class 'std::map<HWND,CefRefPtr<cefIntegration::CefWindow>,std::less<_Kty>,std::allocator<std::pair<const _Kty,_Ty>>>' needs to have dll-interface to be used by clients of class 'cefIntegration::WindowManager'
                 with
                 [
                     _Kty=HWND
         ,            _Ty=CefRefPtr<cefIntegration::CefWindow>
                 ]
     1>E:\mywork\client\PC2.0TRUNK\PC2.0\src\CefIntegration\include\CefClient.h(95): warning C4251: 'cefIntegration::CefClient::_app' : class 'CefRefPtr<cefIntegration::ClientApp>' needs to have dll-interface to be used by clients of class 'cefIntegration::CefClient'
     1>E:\mywork\client\PC2.0TRUNK\PC2.0\src\CefIntegration\include\CefClient.h(96): warning C4251: 'cefIntegration::CefClient::_handler' : class 'CefRefPtr<cefIntegration::ClientHandler>' needs to have dll-interface to be used by clients of class 'cefIntegration::CefClient'
         UCClientSubProcess.cpp
     1>E:\mywork\client\PC2.0TRUNK\PC2.0\src\CefIntegration\include\CefClient.h : warning C4819: The file contains a character that cannot be represented in the current code page (936). Save the file in Unicode format to prevent data loss
     1>e:\mywork\client\pc2.0trunk\pc2.0\src\cefintegration\include\browser\CefWindow.h : warning C4819: The file contains a character that cannot be represented in the current code page (936). Save the file in Unicode format to prevent data loss
     1>e:\mywork\client\pc2.0trunk\pc2.0\src\cefintegration\include\browser/WindowManager.h(107): warning C4251: 'cefIntegration::WindowManager::_windowNameMap' : class 'std::map<std::wstring,CefRefPtr<cefIntegration::CefWindow>,std::less<_Kty>,std::allocator<std::pair<const _Kty,_Ty>>>' needs to have dll-interface to be used by clients of class 'cefIntegration::WindowManager'
                 with
                 [
                     _Kty=std::wstring
         ,            _Ty=CefRefPtr<cefIntegration::CefWindow>
                 ]
     1>e:\mywork\client\pc2.0trunk\pc2.0\src\cefintegration\include\browser/WindowManager.h(110): warning C4251: 'cefIntegration::WindowManager::_hwndMap' : class 'std::map<HWND,CefRefPtr<cefIntegration::CefWindow>,std::less<_Kty>,std::allocator<std::pair<const _Kty,_Ty>>>' needs to have dll-interface to be used by clients of class 'cefIntegration::WindowManager'
                 with
                 [
                     _Kty=HWND
         ,            _Ty=CefRefPtr<cefIntegration::CefWindow>
                 ]
     1>E:\mywork\client\PC2.0TRUNK\PC2.0\src\CefIntegration\include\CefClient.h(95): warning C4251: 'cefIntegration::CefClient::_app' : class 'CefRefPtr<cefIntegration::ClientApp>' needs to have dll-interface to be used by clients of class 'cefIntegration::CefClient'
     1>E:\mywork\client\PC2.0TRUNK\PC2.0\src\CefIntegration\include\CefClient.h(96): warning C4251: 'cefIntegration::CefClient::_handler' : class 'CefRefPtr<cefIntegration::ClientHandler>' needs to have dll-interface to be used by clients of class 'cefIntegration::CefClient'
     1>E:\mywork\client\PC2.0TRUNK\PC2.0\third_party\uc_sdk\third_party\log_manager\LogManager.h(90): warning C4251: 'uc::LogStream::_stream' : class 'std::basic_stringstream<char,std::char_traits<char>,std::allocator<char>>' needs to have dll-interface to be used by clients of class 'uc::LogStream'
     1>E:\mywork\client\PC2.0TRUNK\PC2.0\third_party\uc_sdk\third_party\log_manager\LogManager.h(106): warning C4251: 'uc::Log::_file' : class 'std::basic_string<char,std::char_traits<char>,std::allocator<char>>' needs to have dll-interface to be used by clients of class 'uc::Log'
       ResourceCompile:
         C:\Program Files (x86)\Microsoft SDKs\Windows\v7.1A\bin\rc.exe /D _USING_V110_SDK71_ /D _UNICODE /D UNICODE /l"0x0409" /nologo /fo"Release\UCClientSubProcess.res" ..\..\src\UCClientSubProcess.rc 
       Link:
         D:\Program Files (x86)\Microsoft Visual Studio 12.0\VC\bin\link.exe /ERRORREPORT:PROMPT /OUT:"E:\mywork\client\PC2.0TRUNK\PC2.0\build\Release\bee.worker.exe" /INCREMENTAL:NO /NOLOGO /LIBPATH:../../../../build/Release /LIBPATH:../../../../third_party/cef/lib/Release /LIBPATH:../../../../third_party/uc_sdk/third_party/log_manager/lib/windows /LIBPATH:../../../../third_party/gkclient/lib/Release CefIntegration.lib libcef.lib libcef_dll_wrapper.lib LogManager.lib gkClient.lib GKCefExtension.lib kernel32.lib user32.lib gdi32.lib winspool.lib comdlg32.lib advapi32.lib shell32.lib ole32.lib oleaut32.lib uuid.lib odbc32.lib odbccp32.lib /MANIFEST /MANIFESTUAC:"level='asInvoker' uiAccess='false'" /manifest:embed /DEBUG /PDB:"E:\mywork\client\PC2.0TRUNK\PC2.0\build\Release\bee.worker.pdb" /SUBSYSTEM:WINDOWS,"5.01" /OPT:REF /OPT:ICF /LTCG /TLBID:1 /DYNAMICBASE /NXCOMPAT /IMPLIB:"E:\mywork\client\PC2.0TRUNK\PC2.0\build\Release\bee.worker.lib" /MACHINE:X86 /SAFESEH Release\UCClientSubProcess.res
         Release\CrashHandler.obj
         Release\UCClientRenderDelegate.obj
         Release\UCClientSubProcess.obj
            Creating library E:\mywork\client\PC2.0TRUNK\PC2.0\build\Release\bee.worker.lib and object E:\mywork\client\PC2.0TRUNK\PC2.0\build\Release\bee.worker.exp
         Generating code
         Finished generating code
     1>GKCefExtension.lib(GKClientRenderDelegate.obj) : warning LNK4099: PDB 'vc120.pdb' was not found with 'GKCefExtension.lib(GKClientRenderDelegate.obj)' or at 'E:\mywork\client\PC2.0TRUNK\PC2.0\build\Release\vc120.pdb'; linking object as if no debug info
     1>GKCefExtension.lib(GKClientRenderExtensionHandler.obj) : warning LNK4099: PDB 'vc120.pdb' was not found with 'GKCefExtension.lib(GKClientRenderExtensionHandler.obj)' or at 'E:\mywork\client\PC2.0TRUNK\PC2.0\build\Release\vc120.pdb'; linking object as if no debug info
     1>libcef_dll_wrapper.lib(transfer_util.obj) : warning LNK4099: PDB 'vc120.pdb' was not found with 'libcef_dll_wrapper.lib(transfer_util.obj)' or at 'E:\mywork\client\PC2.0TRUNK\PC2.0\build\Release\vc120.pdb'; linking object as if no debug info
     1>libcef_dll_wrapper.lib(cef_logging.obj) : warning LNK4099: PDB 'vc120.pdb' was not found with 'libcef_dll_wrapper.lib(cef_logging.obj)' or at 'E:\mywork\client\PC2.0TRUNK\PC2.0\build\Release\vc120.pdb'; linking object as if no debug info
     1>libcef_dll_wrapper.lib(base_cpptoc.obj) : warning LNK4099: PDB 'vc120.pdb' was not found with 'libcef_dll_wrapper.lib(base_cpptoc.obj)' or at 'E:\mywork\client\PC2.0TRUNK\PC2.0\build\Release\vc120.pdb'; linking object as if no debug info
     1>libcef_dll_wrapper.lib(client_cpptoc.obj) : warning LNK4099: PDB 'vc120.pdb' was not found with 'libcef_dll_wrapper.lib(client_cpptoc.obj)' or at 'E:\mywork\client\PC2.0TRUNK\PC2.0\build\Release\vc120.pdb'; linking object as if no debug info
     1>libcef_dll_wrapper.lib(completion_callback_cpptoc.obj) : warning LNK4099: PDB 'vc120.pdb' was not found with 'libcef_dll_wrapper.lib(completion_callback_cpptoc.obj)' or at 'E:\mywork\client\PC2.0TRUNK\PC2.0\build\Release\vc120.pdb'; linking object as if no debug info
     1>libcef_dll_wrapper.lib(context_menu_handler_cpptoc.obj) : warning LNK4099: PDB 'vc120.pdb' was not found with 'libcef_dll_wrapper.lib(context_menu_handler_cpptoc.obj)' or at 'E:\mywork\client\PC2.0TRUNK\PC2.0\build\Release\vc120.pdb'; linking object as if no debug info
     1>libcef_dll_wrapper.lib(cookie_visitor_cpptoc.obj) : warning LNK4099: PDB 'vc120.pdb' was not found with 'libcef_dll_wrapper.lib(cookie_visitor_cpptoc.obj)' or at 'E:\mywork\client\PC2.0TRUNK\PC2.0\build\Release\vc120.pdb'; linking object as if no debug info
     1>libcef_dll_wrapper.lib(delete_cookies_callback_cpptoc.obj) : warning LNK4099: PDB 'vc120.pdb' was not found with 'libcef_dll_wrapper.lib(delete_cookies_callback_cpptoc.obj)' or at 'E:\mywork\client\PC2.0TRUNK\PC2.0\build\Release\vc120.pdb'; linking object as if no debug info
     1>libcef_dll_wrapper.lib(dialog_handler_cpptoc.obj) : warning LNK4099: PDB 'vc120.pdb' was not found with 'libcef_dll_wrapper.lib(dialog_handler_cpptoc.obj)' or at 'E:\mywork\client\PC2.0TRUNK\PC2.0\build\Release\vc120.pdb'; linking object as if no debug info
     1>libcef_dll_wrapper.lib(display_handler_cpptoc.obj) : warning LNK4099: PDB 'vc120.pdb' was not found with 'libcef_dll_wrapper.lib(display_handler_cpptoc.obj)' or at 'E:\mywork\client\PC2.0TRUNK\PC2.0\build\Release\vc120.pdb'; linking object as if no debug info
     1>libcef_dll_wrapper.lib(domvisitor_cpptoc.obj) : warning LNK4099: PDB 'vc120.pdb' was not found with 'libcef_dll_wrapper.lib(domvisitor_cpptoc.obj)' or at 'E:\mywork\client\PC2.0TRUNK\PC2.0\build\Release\vc120.pdb'; linking object as if no debug info
     1>libcef_dll_wrapper.lib(download_handler_cpptoc.obj) : warning LNK4099: PDB 'vc120.pdb' was not found with 'libcef_dll_wrapper.lib(download_handler_cpptoc.obj)' or at 'E:\mywork\client\PC2.0TRUNK\PC2.0\build\Release\vc120.pdb'; linking object as if no debug info
     1>libcef_dll_wrapper.lib(drag_handler_cpptoc.obj) : warning LNK4099: PDB 'vc120.pdb' was not found with 'libcef_dll_wrapper.lib(drag_handler_cpptoc.obj)' or at 'E:\mywork\client\PC2.0TRUNK\PC2.0\build\Release\vc120.pdb'; linking object as if no debug info
     1>libcef_dll_wrapper.lib(find_handler_cpptoc.obj) : warning LNK4099: PDB 'vc120.pdb' was not found with 'libcef_dll_wrapper.lib(find_handler_cpptoc.obj)' or at 'E:\mywork\client\PC2.0TRUNK\PC2.0\build\Release\vc120.pdb'; linking object as if no debug info
     1>libcef_dll_wrapper.lib(focus_handler_cpptoc.obj) : warning LNK4099: PDB 'vc120.pdb' was not found with 'libcef_dll_wrapper.lib(focus_handler_cpptoc.obj)' or at 'E:\mywork\client\PC2.0TRUNK\PC2.0\build\Release\vc120.pdb'; linking object as if no debug info
     1>libcef_dll_wrapper.lib(geolocation_handler_cpptoc.obj) : warning LNK4099: PDB 'vc120.pdb' was not found with 'libcef_dll_wrapper.lib(geolocation_handler_cpptoc.obj)' or at 'E:\mywork\client\PC2.0TRUNK\PC2.0\build\Release\vc120.pdb'; linking object as if no debug info
     1>libcef_dll_wrapper.lib(jsdialog_handler_cpptoc.obj) : warning LNK4099: PDB 'vc120.pdb' was not found with 'libcef_dll_wrapper.lib(jsdialog_handler_cpptoc.obj)' or at 'E:\mywork\client\PC2.0TRUNK\PC2.0\build\Release\vc120.pdb'; linking object as if no debug info
     1>libcef_dll_wrapper.lib(keyboard_handler_cpptoc.obj) : warning LNK4099: PDB 'vc120.pdb' was not found with 'libcef_dll_wrapper.lib(keyboard_handler_cpptoc.obj)' or at 'E:\mywork\client\PC2.0TRUNK\PC2.0\build\Release\vc120.pdb'; linking object as if no debug info
     1>libcef_dll_wrapper.lib(life_span_handler_cpptoc.obj) : warning LNK4099: PDB 'vc120.pdb' was not found with 'libcef_dll_wrapper.lib(life_span_handler_cpptoc.obj)' or at 'E:\mywork\client\PC2.0TRUNK\PC2.0\build\Release\vc120.pdb'; linking object as if no debug info
     1>libcef_dll_wrapper.lib(load_handler_cpptoc.obj) : warning LNK4099: PDB 'vc120.pdb' was not found with 'libcef_dll_wrapper.lib(load_handler_cpptoc.obj)' or at 'E:\mywork\client\PC2.0TRUNK\PC2.0\build\Release\vc120.pdb'; linking object as if no debug info
     1>libcef_dll_wrapper.lib(navigation_entry_visitor_cpptoc.obj) : warning LNK4099: PDB 'vc120.pdb' was not found with 'libcef_dll_wrapper.lib(navigation_entry_visitor_cpptoc.obj)' or at 'E:\mywork\client\PC2.0TRUNK\PC2.0\build\Release\vc120.pdb'; linking object as if no debug info
     1>libcef_dll_wrapper.lib(pdf_print_callback_cpptoc.obj) : warning LNK4099: PDB 'vc120.pdb' was not found with 'libcef_dll_wrapper.lib(pdf_print_callback_cpptoc.obj)' or at 'E:\mywork\client\PC2.0TRUNK\PC2.0\build\Release\vc120.pdb'; linking object as if no debug info
     1>libcef_dll_wrapper.lib(render_handler_cpptoc.obj) : warning LNK4099: PDB 'vc120.pdb' was not found with 'libcef_dll_wrapper.lib(render_handler_cpptoc.obj)' or at 'E:\mywork\client\PC2.0TRUNK\PC2.0\build\Release\vc120.pdb'; linking object as if no debug info
     1>libcef_dll_wrapper.lib(request_context_handler_cpptoc.obj) : warning LNK4099: PDB 'vc120.pdb' was not found with 'libcef_dll_wrapper.lib(request_context_handler_cpptoc.obj)' or at 'E:\mywork\client\PC2.0TRUNK\PC2.0\build\Release\vc120.pdb'; linking object as if no debug info
     1>libcef_dll_wrapper.lib(request_handler_cpptoc.obj) : warning LNK4099: PDB 'vc120.pdb' was not found with 'libcef_dll_wrapper.lib(request_handler_cpptoc.obj)' or at 'E:\mywork\client\PC2.0TRUNK\PC2.0\build\Release\vc120.pdb'; linking object as if no debug info
     1>libcef_dll_wrapper.lib(resource_handler_cpptoc.obj) : warning LNK4099: PDB 'vc120.pdb' was not found with 'libcef_dll_wrapper.lib(resource_handler_cpptoc.obj)' or at 'E:\mywork\client\PC2.0TRUNK\PC2.0\build\Release\vc120.pdb'; linking object as if no debug info
     1>libcef_dll_wrapper.lib(run_file_dialog_callback_cpptoc.obj) : warning LNK4099: PDB 'vc120.pdb' was not found with 'libcef_dll_wrapper.lib(run_file_dialog_callback_cpptoc.obj)' or at 'E:\mywork\client\PC2.0TRUNK\PC2.0\build\Release\vc120.pdb'; linking object as if no debug info
     1>libcef_dll_wrapper.lib(scheme_handler_factory_cpptoc.obj) : warning LNK4099: PDB 'vc120.pdb' was not found with 'libcef_dll_wrapper.lib(scheme_handler_factory_cpptoc.obj)' or at 'E:\mywork\client\PC2.0TRUNK\PC2.0\build\Release\vc120.pdb'; linking object as if no debug info
     1>libcef_dll_wrapper.lib(set_cookie_callback_cpptoc.obj) : warning LNK4099: PDB 'vc120.pdb' was not found with 'libcef_dll_wrapper.lib(set_cookie_callback_cpptoc.obj)' or at 'E:\mywork\client\PC2.0TRUNK\PC2.0\build\Release\vc120.pdb'; linking object as if no debug info
     1>libcef_dll_wrapper.lib(string_visitor_cpptoc.obj) : warning LNK4099: PDB 'vc120.pdb' was not found with 'libcef_dll_wrapper.lib(string_visitor_cpptoc.obj)' or at 'E:\mywork\client\PC2.0TRUNK\PC2.0\build\Release\vc120.pdb'; linking object as if no debug info
     1>libcef_dll_wrapper.lib(task_cpptoc.obj) : warning LNK4099: PDB 'vc120.pdb' was not found with 'libcef_dll_wrapper.lib(task_cpptoc.obj)' or at 'E:\mywork\client\PC2.0TRUNK\PC2.0\build\Release\vc120.pdb'; linking object as if no debug info
     1>libcef_dll_wrapper.lib(v8accessor_cpptoc.obj) : warning LNK4099: PDB 'vc120.pdb' was not found with 'libcef_dll_wrapper.lib(v8accessor_cpptoc.obj)' or at 'E:\mywork\client\PC2.0TRUNK\PC2.0\build\Release\vc120.pdb'; linking object as if no debug info
     1>libcef_dll_wrapper.lib(v8handler_cpptoc.obj) : warning LNK4099: PDB 'vc120.pdb' was not found with 'libcef_dll_wrapper.lib(v8handler_cpptoc.obj)' or at 'E:\mywork\client\PC2.0TRUNK\PC2.0\build\Release\vc120.pdb'; linking object as if no debug info
     1>libcef_dll_wrapper.lib(write_handler_cpptoc.obj) : warning LNK4099: PDB 'vc120.pdb' was not found with 'libcef_dll_wrapper.lib(write_handler_cpptoc.obj)' or at 'E:\mywork\client\PC2.0TRUNK\PC2.0\build\Release\vc120.pdb'; linking object as if no debug info
     1>libcef_dll_wrapper.lib(auth_callback_ctocpp.obj) : warning LNK4099: PDB 'vc120.pdb' was not found with 'libcef_dll_wrapper.lib(auth_callback_ctocpp.obj)' or at 'E:\mywork\client\PC2.0TRUNK\PC2.0\build\Release\vc120.pdb'; linking object as if no debug info
     1>libcef_dll_wrapper.lib(before_download_callback_ctocpp.obj) : warning LNK4099: PDB 'vc120.pdb' was not found with 'libcef_dll_wrapper.lib(before_download_callback_ctocpp.obj)' or at 'E:\mywork\client\PC2.0TRUNK\PC2.0\build\Release\vc120.pdb'; linking object as if no debug info
     1>libcef_dll_wrapper.lib(binary_value_ctocpp.obj) : warning LNK4099: PDB 'vc120.pdb' was not found with 'libcef_dll_wrapper.lib(binary_value_ctocpp.obj)' or at 'E:\mywork\client\PC2.0TRUNK\PC2.0\build\Release\vc120.pdb'; linking object as if no debug info
     1>libcef_dll_wrapper.lib(browser_ctocpp.obj) : warning LNK4099: PDB 'vc120.pdb' was not found with 'libcef_dll_wrapper.lib(browser_ctocpp.obj)' or at 'E:\mywork\client\PC2.0TRUNK\PC2.0\build\Release\vc120.pdb'; linking object as if no debug info
     1>libcef_dll_wrapper.lib(browser_host_ctocpp.obj) : warning LNK4099: PDB 'vc120.pdb' was not found with 'libcef_dll_wrapper.lib(browser_host_ctocpp.obj)' or at 'E:\mywork\client\PC2.0TRUNK\PC2.0\build\Release\vc120.pdb'; linking object as if no debug info
     1>libcef_dll_wrapper.lib(callback_ctocpp.obj) : warning LNK4099: PDB 'vc120.pdb' was not found with 'libcef_dll_wrapper.lib(callback_ctocpp.obj)' or at 'E:\mywork\client\PC2.0TRUNK\PC2.0\build\Release\vc120.pdb'; linking object as if no debug info
     1>libcef_dll_wrapper.lib(context_menu_params_ctocpp.obj) : warning LNK4099: PDB 'vc120.pdb' was not found with 'libcef_dll_wrapper.lib(context_menu_params_ctocpp.obj)' or at 'E:\mywork\client\PC2.0TRUNK\PC2.0\build\Release\vc120.pdb'; linking object as if no debug info
     1>libcef_dll_wrapper.lib(cookie_manager_ctocpp.obj) : warning LNK4099: PDB 'vc120.pdb' was not found with 'libcef_dll_wrapper.lib(cookie_manager_ctocpp.obj)' or at 'E:\mywork\client\PC2.0TRUNK\PC2.0\build\Release\vc120.pdb'; linking object as if no debug info
     1>libcef_dll_wrapper.lib(dictionary_value_ctocpp.obj) : warning LNK4099: PDB 'vc120.pdb' was not found with 'libcef_dll_wrapper.lib(dictionary_value_ctocpp.obj)' or at 'E:\mywork\client\PC2.0TRUNK\PC2.0\build\Release\vc120.pdb'; linking object as if no debug info
     1>libcef_dll_wrapper.lib(domdocument_ctocpp.obj) : warning LNK4099: PDB 'vc120.pdb' was not found with 'libcef_dll_wrapper.lib(domdocument_ctocpp.obj)' or at 'E:\mywork\client\PC2.0TRUNK\PC2.0\build\Release\vc120.pdb'; linking object as if no debug info
     1>libcef_dll_wrapper.lib(domnode_ctocpp.obj) : warning LNK4099: PDB 'vc120.pdb' was not found with 'libcef_dll_wrapper.lib(domnode_ctocpp.obj)' or at 'E:\mywork\client\PC2.0TRUNK\PC2.0\build\Release\vc120.pdb'; linking object as if no debug info
     1>libcef_dll_wrapper.lib(download_item_callback_ctocpp.obj) : warning LNK4099: PDB 'vc120.pdb' was not found with 'libcef_dll_wrapper.lib(download_item_callback_ctocpp.obj)' or at 'E:\mywork\client\PC2.0TRUNK\PC2.0\build\Release\vc120.pdb'; linking object as if no debug info
     1>libcef_dll_wrapper.lib(download_item_ctocpp.obj) : warning LNK4099: PDB 'vc120.pdb' was not found with 'libcef_dll_wrapper.lib(download_item_ctocpp.obj)' or at 'E:\mywork\client\PC2.0TRUNK\PC2.0\build\Release\vc120.pdb'; linking object as if no debug info
     1>libcef_dll_wrapper.lib(drag_data_ctocpp.obj) : warning LNK4099: PDB 'vc120.pdb' was not found with 'libcef_dll_wrapper.lib(drag_data_ctocpp.obj)' or at 'E:\mywork\client\PC2.0TRUNK\PC2.0\build\Release\vc120.pdb'; linking object as if no debug info
     1>libcef_dll_wrapper.lib(file_dialog_callback_ctocpp.obj) : warning LNK4099: PDB 'vc120.pdb' was not found with 'libcef_dll_wrapper.lib(file_dialog_callback_ctocpp.obj)' or at 'E:\mywork\client\PC2.0TRUNK\PC2.0\build\Release\vc120.pdb'; linking object as if no debug info
     1>libcef_dll_wrapper.lib(frame_ctocpp.obj) : warning LNK4099: PDB 'vc120.pdb' was not found with 'libcef_dll_wrapper.lib(frame_ctocpp.obj)' or at 'E:\mywork\client\PC2.0TRUNK\PC2.0\build\Release\vc120.pdb'; linking object as if no debug info
     1>libcef_dll_wrapper.lib(geolocation_callback_ctocpp.obj) : warning LNK4099: PDB 'vc120.pdb' was not found with 'libcef_dll_wrapper.lib(geolocation_callback_ctocpp.obj)' or at 'E:\mywork\client\PC2.0TRUNK\PC2.0\build\Release\vc120.pdb'; linking object as if no debug info
     1>libcef_dll_wrapper.lib(jsdialog_callback_ctocpp.obj) : warning LNK4099: PDB 'vc120.pdb' was not found with 'libcef_dll_wrapper.lib(jsdialog_callback_ctocpp.obj)' or at 'E:\mywork\client\PC2.0TRUNK\PC2.0\build\Release\vc120.pdb'; linking object as if no debug info
     1>libcef_dll_wrapper.lib(list_value_ctocpp.obj) : warning LNK4099: PDB 'vc120.pdb' was not found with 'libcef_dll_wrapper.lib(list_value_ctocpp.obj)' or at 'E:\mywork\client\PC2.0TRUNK\PC2.0\build\Release\vc120.pdb'; linking object as if no debug info
     1>libcef_dll_wrapper.lib(menu_model_ctocpp.obj) : warning LNK4099: PDB 'vc120.pdb' was not found with 'libcef_dll_wrapper.lib(menu_model_ctocpp.obj)' or at 'E:\mywork\client\PC2.0TRUNK\PC2.0\build\Release\vc120.pdb'; linking object as if no debug info
     1>libcef_dll_wrapper.lib(navigation_entry_ctocpp.obj) : warning LNK4099: PDB 'vc120.pdb' was not found with 'libcef_dll_wrapper.lib(navigation_entry_ctocpp.obj)' or at 'E:\mywork\client\PC2.0TRUNK\PC2.0\build\Release\vc120.pdb'; linking object as if no debug info
     1>libcef_dll_wrapper.lib(post_data_ctocpp.obj) : warning LNK4099: PDB 'vc120.pdb' was not found with 'libcef_dll_wrapper.lib(post_data_ctocpp.obj)' or at 'E:\mywork\client\PC2.0TRUNK\PC2.0\build\Release\vc120.pdb'; linking object as if no debug info
     1>libcef_dll_wrapper.lib(post_data_element_ctocpp.obj) : warning LNK4099: PDB 'vc120.pdb' was not found with 'libcef_dll_wrapper.lib(post_data_element_ctocpp.obj)' or at 'E:\mywork\client\PC2.0TRUNK\PC2.0\build\Release\vc120.pdb'; linking object as if no debug info
     1>libcef_dll_wrapper.lib(process_message_ctocpp.obj) : warning LNK4099: PDB 'vc120.pdb' was not found with 'libcef_dll_wrapper.lib(process_message_ctocpp.obj)' or at 'E:\mywork\client\PC2.0TRUNK\PC2.0\build\Release\vc120.pdb'; linking object as if no debug info
     1>libcef_dll_wrapper.lib(request_callback_ctocpp.obj) : warning LNK4099: PDB 'vc120.pdb' was not found with 'libcef_dll_wrapper.lib(request_callback_ctocpp.obj)' or at 'E:\mywork\client\PC2.0TRUNK\PC2.0\build\Release\vc120.pdb'; linking object as if no debug info
     1>libcef_dll_wrapper.lib(request_context_ctocpp.obj) : warning LNK4099: PDB 'vc120.pdb' was not found with 'libcef_dll_wrapper.lib(request_context_ctocpp.obj)' or at 'E:\mywork\client\PC2.0TRUNK\PC2.0\build\Release\vc120.pdb'; linking object as if no debug info
     1>libcef_dll_wrapper.lib(request_ctocpp.obj) : warning LNK4099: PDB 'vc120.pdb' was not found with 'libcef_dll_wrapper.lib(request_ctocpp.obj)' or at 'E:\mywork\client\PC2.0TRUNK\PC2.0\build\Release\vc120.pdb'; linking object as if no debug info
     1>libcef_dll_wrapper.lib(response_ctocpp.obj) : warning LNK4099: PDB 'vc120.pdb' was not found with 'libcef_dll_wrapper.lib(response_ctocpp.obj)' or at 'E:\mywork\client\PC2.0TRUNK\PC2.0\build\Release\vc120.pdb'; linking object as if no debug info
     1>libcef_dll_wrapper.lib(sslcert_principal_ctocpp.obj) : warning LNK4099: PDB 'vc120.pdb' was not found with 'libcef_dll_wrapper.lib(sslcert_principal_ctocpp.obj)' or at 'E:\mywork\client\PC2.0TRUNK\PC2.0\build\Release\vc120.pdb'; linking object as if no debug info
     1>libcef_dll_wrapper.lib(sslinfo_ctocpp.obj) : warning LNK4099: PDB 'vc120.pdb' was not found with 'libcef_dll_wrapper.lib(sslinfo_ctocpp.obj)' or at 'E:\mywork\client\PC2.0TRUNK\PC2.0\build\Release\vc120.pdb'; linking object as if no debug info
     1>libcef_dll_wrapper.lib(stream_writer_ctocpp.obj) : warning LNK4099: PDB 'vc120.pdb' was not found with 'libcef_dll_wrapper.lib(stream_writer_ctocpp.obj)' or at 'E:\mywork\client\PC2.0TRUNK\PC2.0\build\Release\vc120.pdb'; linking object as if no debug info
     1>libcef_dll_wrapper.lib(task_runner_ctocpp.obj) : warning LNK4099: PDB 'vc120.pdb' was not found with 'libcef_dll_wrapper.lib(task_runner_ctocpp.obj)' or at 'E:\mywork\client\PC2.0TRUNK\PC2.0\build\Release\vc120.pdb'; linking object as if no debug info
     1>libcef_dll_wrapper.lib(v8context_ctocpp.obj) : warning LNK4099: PDB 'vc120.pdb' was not found with 'libcef_dll_wrapper.lib(v8context_ctocpp.obj)' or at 'E:\mywork\client\PC2.0TRUNK\PC2.0\build\Release\vc120.pdb'; linking object as if no debug info
     1>libcef_dll_wrapper.lib(v8exception_ctocpp.obj) : warning LNK4099: PDB 'vc120.pdb' was not found with 'libcef_dll_wrapper.lib(v8exception_ctocpp.obj)' or at 'E:\mywork\client\PC2.0TRUNK\PC2.0\build\Release\vc120.pdb'; linking object as if no debug info
     1>libcef_dll_wrapper.lib(v8value_ctocpp.obj) : warning LNK4099: PDB 'vc120.pdb' was not found with 'libcef_dll_wrapper.lib(v8value_ctocpp.obj)' or at 'E:\mywork\client\PC2.0TRUNK\PC2.0\build\Release\vc120.pdb'; linking object as if no debug info
     1>libcef_dll_wrapper.lib(value_ctocpp.obj) : warning LNK4099: PDB 'vc120.pdb' was not found with 'libcef_dll_wrapper.lib(value_ctocpp.obj)' or at 'E:\mywork\client\PC2.0TRUNK\PC2.0\build\Release\vc120.pdb'; linking object as if no debug info
     1>libcef_dll_wrapper.lib(web_plugin_info_ctocpp.obj) : warning LNK4099: PDB 'vc120.pdb' was not found with 'libcef_dll_wrapper.lib(web_plugin_info_ctocpp.obj)' or at 'E:\mywork\client\PC2.0TRUNK\PC2.0\build\Release\vc120.pdb'; linking object as if no debug info
         UCClientSubProcess.vcxproj -> E:\mywork\client\PC2.0TRUNK\PC2.0\build\Release\bee.worker.exe
     1>Done Building Project "E:\mywork\client\PC2.0TRUNK\PC2.0\src\UCClientSubProcess\build\UCClientSubProcess\UCClientSubProcess.vcxproj" (Rebuild target(s)).

Build succeeded.

Time Elapsed 00:00:14.32
