e:\mywork\client\pc2.0trunk\pc2.0\build\release\cefintegration.lib
e:\mywork\client\pc2.0trunk\pc2.0\build\release\cefintegration.exp
e:\mywork\client\pc2.0trunk\pc2.0\src\cefintegration\build\cefintegration\release\vc120.pdb
e:\mywork\client\pc2.0trunk\pc2.0\src\cefintegration\build\cefintegration\release\fileutil.obj
e:\mywork\client\pc2.0trunk\pc2.0\src\cefintegration\build\cefintegration\release\dialog.obj
e:\mywork\client\pc2.0trunk\pc2.0\src\cefintegration\build\cefintegration\release\clientextensionhandler.obj
e:\mywork\client\pc2.0trunk\pc2.0\src\cefintegration\build\cefintegration\release\clientapp.obj
e:\mywork\client\pc2.0trunk\pc2.0\src\cefintegration\build\cefintegration\release\cefjsconversion.obj
e:\mywork\client\pc2.0trunk\pc2.0\src\cefintegration\build\cefintegration\release\cefclient.obj
e:\mywork\client\pc2.0trunk\pc2.0\src\cefintegration\build\cefintegration\release\windowresizablehandler.obj
e:\mywork\client\pc2.0trunk\pc2.0\src\cefintegration\build\cefintegration\release\windowmanager.obj
e:\mywork\client\pc2.0trunk\pc2.0\src\cefintegration\build\cefintegration\release\windowextension.obj
e:\mywork\client\pc2.0trunk\pc2.0\src\cefintegration\build\cefintegration\release\tray.obj
e:\mywork\client\pc2.0trunk\pc2.0\src\cefintegration\build\cefintegration\release\proxyauthwnd.obj
e:\mywork\client\pc2.0trunk\pc2.0\src\cefintegration\build\cefintegration\release\proxy.obj
e:\mywork\client\pc2.0trunk\pc2.0\src\cefintegration\build\cefintegration\release\osrutil.obj
e:\mywork\client\pc2.0trunk\pc2.0\src\cefintegration\build\cefintegration\release\osr_dragdrop_win.obj
e:\mywork\client\pc2.0trunk\pc2.0\src\cefintegration\build\cefintegration\release\geometry_util.obj
e:\mywork\client\pc2.0trunk\pc2.0\src\cefintegration\build\cefintegration\release\bytes_write_handler.obj
e:\mywork\client\pc2.0trunk\pc2.0\src\cefintegration\build\cefintegration\release\clienthandler.obj
e:\mywork\client\pc2.0trunk\pc2.0\src\cefintegration\build\cefintegration\release\cefwindow.obj
e:\mywork\client\pc2.0trunk\pc2.0\src\cefintegration\build\cefintegration\release\cefosrwindow.obj
e:\mywork\client\pc2.0trunk\pc2.0\src\cefintegration\build\cefintegration\release\pugixml.obj
e:\mywork\client\pc2.0trunk\pc2.0\src\cefintegration\build\cefintegration\release\imageutil.obj
e:\mywork\client\pc2.0trunk\pc2.0\src\cefintegration\build\cefintegration\release\font.obj
e:\mywork\client\pc2.0trunk\pc2.0\build\release\cefintegration.dll
e:\mywork\client\pc2.0trunk\pc2.0\build\release\cefintegration.pdb
e:\mywork\client\pc2.0trunk\pc2.0\src\cefintegration\build\cefintegration\release\cefintegration.res
e:\mywork\client\pc2.0trunk\pc2.0\src\cefintegration\build\cefintegration\release\cefintegration.tlog\cefintegration.write.1u.tlog
e:\mywork\client\pc2.0trunk\pc2.0\src\cefintegration\build\cefintegration\release\cefintegration.tlog\cl.command.1.tlog
e:\mywork\client\pc2.0trunk\pc2.0\src\cefintegration\build\cefintegration\release\cefintegration.tlog\cl.read.1.tlog
e:\mywork\client\pc2.0trunk\pc2.0\src\cefintegration\build\cefintegration\release\cefintegration.tlog\cl.write.1.tlog
e:\mywork\client\pc2.0trunk\pc2.0\src\cefintegration\build\cefintegration\release\cefintegration.tlog\link.command.1.tlog
e:\mywork\client\pc2.0trunk\pc2.0\src\cefintegration\build\cefintegration\release\cefintegration.tlog\link.read.1.tlog
e:\mywork\client\pc2.0trunk\pc2.0\src\cefintegration\build\cefintegration\release\cefintegration.tlog\link.write.1.tlog
e:\mywork\client\pc2.0trunk\pc2.0\src\cefintegration\build\cefintegration\release\cefintegration.tlog\rc.command.1.tlog
e:\mywork\client\pc2.0trunk\pc2.0\src\cefintegration\build\cefintegration\release\cefintegration.tlog\rc.read.1.tlog
e:\mywork\client\pc2.0trunk\pc2.0\src\cefintegration\build\cefintegration\release\cefintegration.tlog\rc.write.1.tlog
