e:\mywork\client\pc2.0trunk\pc2.0\src\update\source\debug\360safe.bsc
e:\mywork\client\pc2.0trunk\pc2.0\src\update\source\debug\update.pch
e:\mywork\client\pc2.0trunk\pc2.0\src\update\source\debug\vc120.pdb
e:\mywork\client\pc2.0trunk\pc2.0\src\update\source\debug\vc120.idb
e:\mywork\client\pc2.0trunk\pc2.0\src\update\source\stdafx.sbr
e:\mywork\client\pc2.0trunk\pc2.0\src\update\source\debug\stdafx.obj
e:\mywork\client\pc2.0trunk\pc2.0\src\update\source\update.sbr
e:\mywork\client\pc2.0trunk\pc2.0\src\update\source\debug\update.obj
e:\mywork\client\pc2.0trunk\pc2.0\build\debug\update\update.exe
e:\mywork\client\pc2.0trunk\pc2.0\build\debug\update.pdb
e:\mywork\client\pc2.0trunk\pc2.0\src\update\source\update.res
e:\mywork\client\pc2.0trunk\pc2.0\src\update\source\update.tlog\bscmake.command.1.tlog
e:\mywork\client\pc2.0trunk\pc2.0\src\update\source\update.tlog\bscmake.read.1.tlog
e:\mywork\client\pc2.0trunk\pc2.0\src\update\source\update.tlog\bscmake.write.1.tlog
e:\mywork\client\pc2.0trunk\pc2.0\src\update\source\update.tlog\cl.command.1.tlog
e:\mywork\client\pc2.0trunk\pc2.0\src\update\source\update.tlog\cl.read.1.tlog
e:\mywork\client\pc2.0trunk\pc2.0\src\update\source\update.tlog\cl.write.1.tlog
e:\mywork\client\pc2.0trunk\pc2.0\src\update\source\update.tlog\link.command.1.tlog
e:\mywork\client\pc2.0trunk\pc2.0\src\update\source\update.tlog\link.read.1.tlog
e:\mywork\client\pc2.0trunk\pc2.0\src\update\source\update.tlog\link.write.1.tlog
e:\mywork\client\pc2.0trunk\pc2.0\src\update\source\update.tlog\rc.command.1.tlog
e:\mywork\client\pc2.0trunk\pc2.0\src\update\source\update.tlog\rc.read.1.tlog
e:\mywork\client\pc2.0trunk\pc2.0\src\update\source\update.tlog\rc.write.1.tlog
